Build started 04.02.2018 12:34:03.
     1>Project "D:\!Studying\Projects\testing\testing\testing.vcxproj" on node 2 (build target(s)).
     1>InitializeBuildStatus:
         Creating "Debug\testing.unsuccessfulbuild" because "AlwaysCreate" was specified.
       ClCompile:
         C:\Program Files (x86)\Microsoft Visual Studio 10.0\VC\bin\CL.exe /c /ZI /nologo /W3 /WX- /Od /Oy- /D WIN32 /D _DEBUG /D _CONSOLE /D _UNICODE /D UNICODE /Gm /EHsc /RTC1 /MDd /GS /fp:precise /Zc:wchar_t /Zc:forScope /Fo"Debug\\" /Fd"Debug\vc100.pdb" /Gd /TP /analyze- /errorReport:prompt main.cpp
         main.cpp
     1>d:\!studying\projects\testing\testing\main.cpp(73): error C2065: 'str' : undeclared identifier
     1>d:\!studying\projects\testing\testing\main.cpp(74): error C2065: 'str' : undeclared identifier
     1>d:\!studying\projects\testing\testing\main.cpp(78): error C2065: 'str' : undeclared identifier
     1>d:\!studying\projects\testing\testing\main.cpp(94): error C2065: 's' : undeclared identifier
     1>d:\!studying\projects\testing\testing\main.cpp(95): error C2065: 's' : undeclared identifier
     1>d:\!studying\projects\testing\testing\main.cpp(99): error C2065: 's' : undeclared identifier
     1>Done Building Project "D:\!Studying\Projects\testing\testing\testing.vcxproj" (build target(s)) -- FAILED.

Build FAILED.

Time Elapsed 00:00:01.24
